{
  "stats": {
    "suites": 1,
    "tests": 1,
    "passes": 1,
    "pending": 0,
    "failures": 0,
    "start": "2021-08-20T09:43:03.968Z",
    "end": "2021-08-20T09:43:09.800Z",
    "duration": 5832,
    "testsRegistered": 1,
    "passPercent": 100,
    "pendingPercent": 0,
    "other": 0,
    "hasOther": false,
    "skipped": 0,
    "hasSkipped": false
  },
  "results": [
    {
      "uuid": "7b84a799-2867-4fa2-bd5a-254763fd3fc8",
      "title": "",
      "fullFile": "cypress/integration/remove-room.spec.js",
      "file": "cypress/integration/remove-room.spec.js",
      "beforeHooks": [],
      "afterHooks": [],
      "tests": [],
      "suites": [
        {
          "uuid": "835d9bbc-f105-470d-b81f-6ce92039971f",
          "title": "Delete Room",
          "fullFile": "",
          "file": "",
          "beforeHooks": [],
          "afterHooks": [],
          "tests": [
            {
              "title": "Delete last room",
              "fullTitle": "Delete Room Delete last room",
              "timedOut": null,
              "duration": 3929,
              "state": "passed",
              "speed": "slow",
              "pass": true,
              "fail": false,
              "pending": false,
              "context": null,
              "code": "indexPage.viewRooms(\"Rooms\");\ncy.wait(500); // cy.percySnapshot(\"Rooms page\");\n//clientsPage.viewNewClient(\"New Client\")\nroomsPage.deleteLastRoom(); // cy.wait(500)\n// cy.percySnapshot(\"Last room has been removed\");",
              "err": {},
              "uuid": "5ab21a3e-82d7-42c7-a97a-d71648a56c88",
              "parentUUID": "835d9bbc-f105-470d-b81f-6ce92039971f",
              "isHook": false,
              "skipped": false
            }
          ],
          "suites": [],
          "passes": [
            "5ab21a3e-82d7-42c7-a97a-d71648a56c88"
          ],
          "failures": [],
          "pending": [],
          "skipped": [],
          "duration": 3929,
          "root": false,
          "rootEmpty": false,
          "_timeout": 2000
        }
      ],
      "passes": [],
      "failures": [],
      "pending": [],
      "skipped": [],
      "duration": 0,
      "root": true,
      "rootEmpty": true,
      "_timeout": 2000
    }
  ],
  "meta": {
    "mocha": {
      "version": "7.0.1"
    },
    "mochawesome": {
      "options": {
        "quiet": false,
        "reportFilename": "mochawesome",
        "saveHtml": true,
        "saveJson": true,
        "consoleReporter": "spec",
        "useInlineDiffs": false,
        "code": true
      },
      "version": "6.2.2"
    },
    "marge": {
      "options": {
        "reportDir": "cypress/report/mochawesome-report",
        "overwrite": false,
        "html": true,
        "json": true,
        "timestamp": "mmddyyyy_HHMMss"
      },
      "version": "5.2.0"
    }
  }
}