{
  "stats": {
    "suites": 1,
    "tests": 2,
    "passes": 2,
    "pending": 0,
    "failures": 0,
    "start": "2021-08-20T09:42:20.499Z",
    "end": "2021-08-20T09:42:30.982Z",
    "duration": 10483,
    "testsRegistered": 2,
    "passPercent": 100,
    "pendingPercent": 0,
    "other": 0,
    "hasOther": false,
    "skipped": 0,
    "hasSkipped": false
  },
  "results": [
    {
      "uuid": "dcf9e6d1-5dba-4ddc-a0c8-2a1917875816",
      "title": "",
      "fullFile": "cypress/integration/new-room.spec.js",
      "file": "cypress/integration/new-room.spec.js",
      "beforeHooks": [],
      "afterHooks": [],
      "tests": [],
      "suites": [
        {
          "uuid": "72f6647b-3e95-4266-b4da-f5e27d70916f",
          "title": "create a room",
          "fullFile": "",
          "file": "",
          "beforeHooks": [],
          "afterHooks": [],
          "tests": [
            {
              "title": "Create a new room",
              "fullTitle": "create a room Create a new room",
              "timedOut": null,
              "duration": 4287,
              "state": "passed",
              "speed": "slow",
              "pass": true,
              "fail": false,
              "pending": false,
              "context": null,
              "code": "indexPage.viewRooms(\"Rooms\"); // cy.wait(500)\n// cy.percySnapshot(\"Rooms page\");\nroomsPage.viewNewRoom(\"New Room\"); // cy.wait(500)\n// cy.percySnapshot(\"New Room Page\");\nnewRoomPage.createNewRoom(randomCategory, randomNumber, randomFloor, randomPrice, randomFeature, \"Rooms\");\ncy.wait(500);\nif (randomFeature == \"sea_view\") {\n  randomFeature = \"sea view\";\n}\nroomsPage.verifyLastRoom(randomCategory, randomNumber, randomFloor, randomPrice, randomFeature); // cy.wait(500)\n// cy.percySnapshot(\"New Room is created and verified\");",
              "err": {},
              "uuid": "c4391438-ffc5-4210-9f1f-577810a29e0f",
              "parentUUID": "72f6647b-3e95-4266-b4da-f5e27d70916f",
              "isHook": false,
              "skipped": false
            },
            {
              "title": "Logout",
              "fullTitle": "create a room Logout",
              "timedOut": null,
              "duration": 2665,
              "state": "passed",
              "speed": "slow",
              "pass": true,
              "fail": false,
              "pending": false,
              "context": null,
              "code": "indexPage.logoutUser(\"Login\"); // cy.wait(500)\n// cy.percySnapshot(\"User logges out and returns to Login page\");\ncy.wait(500);",
              "err": {},
              "uuid": "d8ad71e7-36be-4597-96df-d60df9b4fd51",
              "parentUUID": "72f6647b-3e95-4266-b4da-f5e27d70916f",
              "isHook": false,
              "skipped": false
            }
          ],
          "suites": [],
          "passes": [
            "c4391438-ffc5-4210-9f1f-577810a29e0f",
            "d8ad71e7-36be-4597-96df-d60df9b4fd51"
          ],
          "failures": [],
          "pending": [],
          "skipped": [],
          "duration": 6952,
          "root": false,
          "rootEmpty": false,
          "_timeout": 2000
        }
      ],
      "passes": [],
      "failures": [],
      "pending": [],
      "skipped": [],
      "duration": 0,
      "root": true,
      "rootEmpty": true,
      "_timeout": 2000
    }
  ],
  "meta": {
    "mocha": {
      "version": "7.0.1"
    },
    "mochawesome": {
      "options": {
        "quiet": false,
        "reportFilename": "mochawesome",
        "saveHtml": true,
        "saveJson": true,
        "consoleReporter": "spec",
        "useInlineDiffs": false,
        "code": true
      },
      "version": "6.2.2"
    },
    "marge": {
      "options": {
        "reportDir": "cypress/report/mochawesome-report",
        "overwrite": false,
        "html": true,
        "json": true,
        "timestamp": "mmddyyyy_HHMMss"
      },
      "version": "5.2.0"
    }
  }
}