{
  "stats": {
    "suites": 1,
    "tests": 4,
    "passes": 4,
    "pending": 0,
    "failures": 0,
    "start": "2021-08-19T20:28:20.949Z",
    "end": "2021-08-19T20:28:33.702Z",
    "duration": 12753,
    "testsRegistered": 4,
    "passPercent": 100,
    "pendingPercent": 0,
    "other": 0,
    "hasOther": false,
    "skipped": 0,
    "hasSkipped": false
  },
  "results": [
    {
      "uuid": "7ac323b5-4be7-4036-b24b-d3fc87a9d542",
      "title": "",
      "fullFile": "cypress/integration/Check-pages.spec.js",
      "file": "cypress/integration/Check-pages.spec.js",
      "beforeHooks": [],
      "afterHooks": [],
      "tests": [],
      "suites": [
        {
          "uuid": "d47ebf39-d20a-4484-9242-4d80e77118a2",
          "title": "Go to all pages",
          "fullFile": "",
          "file": "",
          "beforeHooks": [],
          "afterHooks": [],
          "tests": [
            {
              "title": "Go to Rooms",
              "fullTitle": "Go to all pages Go to Rooms",
              "timedOut": null,
              "duration": 3846,
              "state": "passed",
              "speed": "slow",
              "pass": true,
              "fail": false,
              "pending": false,
              "context": null,
              "code": "homeStartPage.viewRooms(\"Rooms\");",
              "err": {},
              "uuid": "315aa6e0-7d96-4866-ae4b-766cdddb2938",
              "parentUUID": "d47ebf39-d20a-4484-9242-4d80e77118a2",
              "isHook": false,
              "skipped": false
            },
            {
              "title": "Go to Clients",
              "fullTitle": "Go to all pages Go to Clients",
              "timedOut": null,
              "duration": 2228,
              "state": "passed",
              "speed": "slow",
              "pass": true,
              "fail": false,
              "pending": false,
              "context": null,
              "code": "homeStartPage.viewClients(\"Clients\");",
              "err": {},
              "uuid": "02984d91-acfe-4d84-bdd1-98b88a2ac682",
              "parentUUID": "d47ebf39-d20a-4484-9242-4d80e77118a2",
              "isHook": false,
              "skipped": false
            },
            {
              "title": "Go to Bills",
              "fullTitle": "Go to all pages Go to Bills",
              "timedOut": null,
              "duration": 2170,
              "state": "passed",
              "speed": "slow",
              "pass": true,
              "fail": false,
              "pending": false,
              "context": null,
              "code": "homeStartPage.viewBills(\"Bills\");",
              "err": {},
              "uuid": "64ee1cbc-e0ea-486b-8457-ed672dcdee92",
              "parentUUID": "d47ebf39-d20a-4484-9242-4d80e77118a2",
              "isHook": false,
              "skipped": false
            },
            {
              "title": "Go to Resurvations",
              "fullTitle": "Go to all pages Go to Resurvations",
              "timedOut": null,
              "duration": 2167,
              "state": "passed",
              "speed": "slow",
              "pass": true,
              "fail": false,
              "pending": false,
              "context": null,
              "code": "homeStartPage.viewResurvations(\"Reservations\");",
              "err": {},
              "uuid": "fb04ae07-10fa-4870-b244-cc6d55ab3cce",
              "parentUUID": "d47ebf39-d20a-4484-9242-4d80e77118a2",
              "isHook": false,
              "skipped": false
            }
          ],
          "suites": [],
          "passes": [
            "315aa6e0-7d96-4866-ae4b-766cdddb2938",
            "02984d91-acfe-4d84-bdd1-98b88a2ac682",
            "64ee1cbc-e0ea-486b-8457-ed672dcdee92",
            "fb04ae07-10fa-4870-b244-cc6d55ab3cce"
          ],
          "failures": [],
          "pending": [],
          "skipped": [],
          "duration": 10411,
          "root": false,
          "rootEmpty": false,
          "_timeout": 2000
        }
      ],
      "passes": [],
      "failures": [],
      "pending": [],
      "skipped": [],
      "duration": 0,
      "root": true,
      "rootEmpty": true,
      "_timeout": 2000
    }
  ],
  "meta": {
    "mocha": {
      "version": "7.0.1"
    },
    "mochawesome": {
      "options": {
        "quiet": false,
        "reportFilename": "mochawesome",
        "saveHtml": true,
        "saveJson": true,
        "consoleReporter": "spec",
        "useInlineDiffs": false,
        "code": true
      },
      "version": "6.2.2"
    },
    "marge": {
      "options": {
        "reportDir": "cypress/report/mochawesome-report",
        "overwrite": false,
        "html": true,
        "json": true,
        "timestamp": "mmddyyyy_HHMMss"
      },
      "version": "5.2.0"
    }
  }
}