{
  "stats": {
    "suites": 1,
    "tests": 1,
    "passes": 1,
    "pending": 0,
    "failures": 0,
    "start": "2021-08-20T09:29:27.781Z",
    "end": "2021-08-20T09:29:38.619Z",
    "duration": 10838,
    "testsRegistered": 1,
    "passPercent": 100,
    "pendingPercent": 0,
    "other": 0,
    "hasOther": false,
    "skipped": 0,
    "hasSkipped": false
  },
  "results": [
    {
      "uuid": "44047431-2a0e-4e6c-9eb6-5ef758a18924",
      "title": "",
      "fullFile": "cypress/integration/new-room.spec.js",
      "file": "cypress/integration/new-room.spec.js",
      "beforeHooks": [],
      "afterHooks": [],
      "tests": [],
      "suites": [
        {
          "uuid": "92291cd8-502c-48b1-9b6c-e6c8a406a02d",
          "title": "create a room",
          "fullFile": "",
          "file": "",
          "beforeHooks": [],
          "afterHooks": [],
          "tests": [
            {
              "title": "Create a new room",
              "fullTitle": "create a room Create a new room",
              "timedOut": null,
              "duration": 6070,
              "state": "passed",
              "speed": "slow",
              "pass": true,
              "fail": false,
              "pending": false,
              "context": null,
              "code": "indexPage.viewRooms(\"Rooms\"); // cy.wait(500)\n// cy.percySnapshot(\"Rooms page\");\nroomsPage.viewNewRoom(\"New Room\"); // cy.wait(500)\n// cy.percySnapshot(\"New Room Page\");\nnewRoomPage.createNewRoom(randomCategory, randomNumber, randomFloor, randomPrice, randomFeature, \"Rooms\");\ncy.wait(500);\nif (randomFeature == \"sea_view\") {\n  randomFeature = \"sea view\";\n}\nroomsPage.verifyLastRoom(randomCategory, randomNumber, randomFloor, randomPrice, randomFeature); // cy.wait(500)\n// cy.percySnapshot(\"New Room is created and verified\");",
              "err": {},
              "uuid": "8e2de92a-076d-4bbe-9dd9-c98d0cefd8a5",
              "parentUUID": "92291cd8-502c-48b1-9b6c-e6c8a406a02d",
              "isHook": false,
              "skipped": false
            }
          ],
          "suites": [],
          "passes": [
            "8e2de92a-076d-4bbe-9dd9-c98d0cefd8a5"
          ],
          "failures": [],
          "pending": [],
          "skipped": [],
          "duration": 6070,
          "root": false,
          "rootEmpty": false,
          "_timeout": 2000
        }
      ],
      "passes": [],
      "failures": [],
      "pending": [],
      "skipped": [],
      "duration": 0,
      "root": true,
      "rootEmpty": true,
      "_timeout": 2000
    }
  ],
  "meta": {
    "mocha": {
      "version": "7.0.1"
    },
    "mochawesome": {
      "options": {
        "quiet": false,
        "reportFilename": "mochawesome",
        "saveHtml": true,
        "saveJson": true,
        "consoleReporter": "spec",
        "useInlineDiffs": false,
        "code": true
      },
      "version": "6.2.2"
    },
    "marge": {
      "options": {
        "reportDir": "cypress/report/mochawesome-report",
        "overwrite": false,
        "html": true,
        "json": true,
        "timestamp": "mmddyyyy_HHMMss"
      },
      "version": "5.2.0"
    }
  }
}